0 info it worked if it ends with ok
1 verbose cli [ '/usr/local/bin/node', '/usr/local/bin/npm', 'run', 'server' ]
2 info using npm@3.3.12
3 info using node@v5.0.0
4 verbose run-script [ 'preserver', 'server', 'postserver' ]
5 info lifecycle server@1.0.0~preserver: server@1.0.0
6 silly lifecycle server@1.0.0~preserver: no script for preserver, continuing
7 info lifecycle server@1.0.0~server: server@1.0.0
8 verbose lifecycle server@1.0.0~server: unsafe-perm in lifecycle true
9 verbose lifecycle server@1.0.0~server: PATH: /usr/local/lib/node_modules/npm/bin/node-gyp-bin:/home/ilan/projects/server/node_modules/.bin:/usr/local/sbin:/usr/local/bin:/usr/sbin:/usr/bin:/sbin:/bin:/usr/games:/usr/local/games
10 verbose lifecycle server@1.0.0~server: CWD: /home/ilan/projects/server
11 silly lifecycle server@1.0.0~server: Args: [ '-c', 'nodemon src/server.js' ]
12 info lifecycle server@1.0.0~server: Failed to exec server script
13 verbose stack Error: server@1.0.0 server: `nodemon src/server.js`
13 verbose stack spawn ENOENT
13 verbose stack     at ChildProcess.<anonymous> (/usr/local/lib/node_modules/npm/lib/utils/spawn.js:17:16)
13 verbose stack     at emitTwo (events.js:87:13)
13 verbose stack     at ChildProcess.emit (events.js:172:7)
13 verbose stack     at maybeClose (internal/child_process.js:818:16)
13 verbose stack     at Process.ChildProcess._handle.onexit (internal/child_process.js:211:5)
14 verbose pkgid server@1.0.0
15 verbose cwd /home/ilan/projects/server/src
16 error Linux 3.16.0-38-generic
17 error argv "/usr/local/bin/node" "/usr/local/bin/npm" "run" "server"
18 error node v5.0.0
19 error npm  v3.3.12
20 error file sh
21 error code ELIFECYCLE
22 error errno ENOENT
23 error syscall spawn
24 error server@1.0.0 server: `nodemon src/server.js`
24 error spawn ENOENT
25 error Failed at the server@1.0.0 server script 'nodemon src/server.js'.
25 error Make sure you have the latest version of node.js and npm installed.
25 error If you do, this is most likely a problem with the server package,
25 error not with npm itself.
25 error Tell the author that this fails on your system:
25 error     nodemon src/server.js
25 error You can get their info via:
25 error     npm owner ls server
25 error There is likely additional logging output above.
26 verbose exit [ 1, true ]
